app/build/intermediates/manifest_merge_blame_file/debug/manifest-merger-blame-debug-report.txt
1<?xml version="1.0" encoding="utf-8"?>
2<manifest xmlns:android="http://schemas.android.com/apk/res/android"
3    package="com.example.jetpackcomp"
4    android:versionCode="1"
5    android:versionName="1.0" >
6
7    <uses-sdk
8        android:minSdkVersion="21"
8-->src\main\AndroidManifest.xml
9        android:targetSdkVersion="33" />
9-->src\main\AndroidManifest.xml
10
11    <uses-permission android:name="android.permission.INTERNET" />
11-->src\main\AndroidManifest.xml:6:5-67
11-->src\main\AndroidManifest.xml:6:22-64
12
13    <permission
13-->[androidx.core:core:1.9.0] AndroidManifest.xml:22:5-24:47
14        android:name="com.example.jetpackcomp.DYNAMIC_RECEIVER_NOT_EXPORTED_PERMISSION"
14-->[androidx.core:core:1.9.0] AndroidManifest.xml:23:9-81
15        android:protectionLevel="signature" />
15-->[androidx.core:core:1.9.0] AndroidManifest.xml:24:9-44
16
17    <uses-permission android:name="com.example.jetpackcomp.DYNAMIC_RECEIVER_NOT_EXPORTED_PERMISSION" />
17-->[androidx.core:core:1.9.0] AndroidManifest.xml:26:5-97
17-->[androidx.core:core:1.9.0] AndroidManifest.xml:26:22-94
18
19    <application
19-->src\main\AndroidManifest.xml:8:5-30:19
20        android:name="com.example.jetpackcomp.JpApplication"
20-->src\main\AndroidManifest.xml:9:9-38
21        android:allowBackup="true"
21-->src\main\AndroidManifest.xml:10:9-35
22        android:appComponentFactory="androidx.core.app.CoreComponentFactory"
22-->[androidx.core:core:1.9.0] AndroidManifest.xml:28:18-86
23        android:dataExtractionRules="@xml/data_extraction_rules"
23-->src\main\AndroidManifest.xml:11:9-65
24        android:debuggable="true"
25        android:fullBackupContent="@xml/backup_rules"
25-->src\main\AndroidManifest.xml:12:9-54
26        android:icon="@mipmap/ic_launcher"
26-->src\main\AndroidManifest.xml:13:9-43
27        android:label="@string/app_name"
27-->src\main\AndroidManifest.xml:14:9-41
28        android:roundIcon="@mipmap/ic_launcher_round"
28-->src\main\AndroidManifest.xml:15:9-54
29        android:supportsRtl="true"
29-->src\main\AndroidManifest.xml:16:9-35
30        android:testOnly="true"
31        android:theme="@style/Theme.JetPackComp"
31-->src\main\AndroidManifest.xml:17:9-49
32        android:usesCleartextTraffic="true" >
32-->src\main\AndroidManifest.xml:18:9-44
33        <activity
33-->src\main\AndroidManifest.xml:20:9-29:20
34            android:name="com.example.jetpackcomp.ui.MainActivity"
34-->src\main\AndroidManifest.xml:21:13-44
35            android:exported="true"
35-->src\main\AndroidManifest.xml:22:13-36
36            android:theme="@style/Theme.JetPackComp" >
36-->src\main\AndroidManifest.xml:23:13-53
37            <intent-filter>
37-->src\main\AndroidManifest.xml:24:13-28:29
38                <action android:name="android.intent.action.MAIN" />
38-->src\main\AndroidManifest.xml:25:17-69
38-->src\main\AndroidManifest.xml:25:25-66
39
40                <category android:name="android.intent.category.LAUNCHER" />
40-->src\main\AndroidManifest.xml:27:17-77
40-->src\main\AndroidManifest.xml:27:27-74
41            </intent-filter>
42        </activity>
43        <activity
43-->[androidx.compose.ui:ui-tooling:1.3.2] AndroidManifest.xml:23:9-25:39
44            android:name="androidx.compose.ui.tooling.PreviewActivity"
44-->[androidx.compose.ui:ui-tooling:1.3.2] AndroidManifest.xml:24:13-71
45            android:exported="true" />
45-->[androidx.compose.ui:ui-tooling:1.3.2] AndroidManifest.xml:25:13-36
46        <activity
46-->[androidx.compose.ui:ui-test-manifest:1.3.2] AndroidManifest.xml:23:9-25:39
47            android:name="androidx.activity.ComponentActivity"
47-->[androidx.compose.ui:ui-test-manifest:1.3.2] AndroidManifest.xml:24:13-63
48            android:exported="true" />
48-->[androidx.compose.ui:ui-test-manifest:1.3.2] AndroidManifest.xml:25:13-36
49
50        <uses-library
50-->[androidx.window:window:1.0.0] AndroidManifest.xml:25:9-27:40
51            android:name="androidx.window.extensions"
51-->[androidx.window:window:1.0.0] AndroidManifest.xml:26:13-54
52            android:required="false" />
52-->[androidx.window:window:1.0.0] AndroidManifest.xml:27:13-37
53        <uses-library
53-->[androidx.window:window:1.0.0] AndroidManifest.xml:28:9-30:40
54            android:name="androidx.window.sidecar"
54-->[androidx.window:window:1.0.0] AndroidManifest.xml:29:13-51
55            android:required="false" />
55-->[androidx.window:window:1.0.0] AndroidManifest.xml:30:13-37
56
57        <provider
57-->[androidx.emoji2:emoji2:1.2.0] AndroidManifest.xml:24:9-32:20
58            android:name="androidx.startup.InitializationProvider"
58-->[androidx.emoji2:emoji2:1.2.0] AndroidManifest.xml:25:13-67
59            android:authorities="com.example.jetpackcomp.androidx-startup"
59-->[androidx.emoji2:emoji2:1.2.0] AndroidManifest.xml:26:13-68
60            android:exported="false" >
60-->[androidx.emoji2:emoji2:1.2.0] AndroidManifest.xml:27:13-37
61            <meta-data
61-->[androidx.emoji2:emoji2:1.2.0] AndroidManifest.xml:29:13-31:52
62                android:name="androidx.emoji2.text.EmojiCompatInitializer"
62-->[androidx.emoji2:emoji2:1.2.0] AndroidManifest.xml:30:17-75
63                android:value="androidx.startup" />
63-->[androidx.emoji2:emoji2:1.2.0] AndroidManifest.xml:31:17-49
64            <meta-data
64-->[androidx.lifecycle:lifecycle-process:2.4.1] AndroidManifest.xml:31:13-33:52
65                android:name="androidx.lifecycle.ProcessLifecycleInitializer"
65-->[androidx.lifecycle:lifecycle-process:2.4.1] AndroidManifest.xml:32:17-78
66                android:value="androidx.startup" />
66-->[androidx.lifecycle:lifecycle-process:2.4.1] AndroidManifest.xml:33:17-49
67            <meta-data
67-->[androidx.profileinstaller:profileinstaller:1.2.0] AndroidManifest.xml:30:13-32:52
68                android:name="androidx.profileinstaller.ProfileInstallerInitializer"
68-->[androidx.profileinstaller:profileinstaller:1.2.0] AndroidManifest.xml:31:17-85
69                android:value="androidx.startup" />
69-->[androidx.profileinstaller:profileinstaller:1.2.0] AndroidManifest.xml:32:17-49
70        </provider>
71
72        <service
72-->[androidx.room:room-runtime:2.4.3] AndroidManifest.xml:25:9-28:40
73            android:name="androidx.room.MultiInstanceInvalidationService"
73-->[androidx.room:room-runtime:2.4.3] AndroidManifest.xml:26:13-74
74            android:directBootAware="true"
74-->[androidx.room:room-runtime:2.4.3] AndroidManifest.xml:27:13-43
75            android:exported="false" />
75-->[androidx.room:room-runtime:2.4.3] AndroidManifest.xml:28:13-37
76
77        <receiver
77-->[androidx.profileinstaller:profileinstaller:1.2.0] AndroidManifest.xml:35:9-47:20
78            android:name="androidx.profileinstaller.ProfileInstallReceiver"
78-->[androidx.profileinstaller:profileinstaller:1.2.0] AndroidManifest.xml:36:13-76
79            android:directBootAware="false"
79-->[androidx.profileinstaller:profileinstaller:1.2.0] AndroidManifest.xml:37:13-44
80            android:enabled="true"
80-->[androidx.profileinstaller:profileinstaller:1.2.0] AndroidManifest.xml:38:13-35
81            android:exported="true"
81-->[androidx.profileinstaller:profileinstaller:1.2.0] AndroidManifest.xml:39:13-36
82            android:permission="android.permission.DUMP" >
82-->[androidx.profileinstaller:profileinstaller:1.2.0] AndroidManifest.xml:40:13-57
83            <intent-filter>
83-->[androidx.profileinstaller:profileinstaller:1.2.0] AndroidManifest.xml:41:13-43:29
84                <action android:name="androidx.profileinstaller.action.INSTALL_PROFILE" />
84-->[androidx.profileinstaller:profileinstaller:1.2.0] AndroidManifest.xml:42:17-91
84-->[androidx.profileinstaller:profileinstaller:1.2.0] AndroidManifest.xml:42:25-88
85            </intent-filter>
86            <intent-filter>
86-->[androidx.profileinstaller:profileinstaller:1.2.0] AndroidManifest.xml:44:13-46:29
87                <action android:name="androidx.profileinstaller.action.SKIP_FILE" />
87-->[androidx.profileinstaller:profileinstaller:1.2.0] AndroidManifest.xml:45:17-85
87-->[androidx.profileinstaller:profileinstaller:1.2.0] AndroidManifest.xml:45:25-82
88            </intent-filter>
89        </receiver>
90    </application>
91
92</manifest>